This is pdfTeX, Version 3.1415926-1.40.11 (MiKTeX 2.9) (preloaded format=pdflatex 2011.6.4)  3 JUL 2017 11:57
entering extended mode
**Graner_EDM_Thesis.tex
(I:\Work\Thesis\Graner_EDM_Thesis.tex
LaTeX2e <2009/09/24>
Babel <v3.8l> and hyphenation patterns for english, afrikaans, ancientgreek, ar
abic, armenian, assamese, basque, bengali, bokmal, bulgarian, catalan, coptic, 
croatian, czech, danish, dutch, esperanto, estonian, farsi, finnish, french, ga
lician, german, german-x-2009-06-19, greek, gujarati, hindi, hungarian, iceland
ic, indonesian, interlingua, irish, italian, kannada, kurmanji, lao, latin, lat
vian, lithuanian, malayalam, marathi, mongolian, mongolianlmc, monogreek, ngerm
an, ngerman-x-2009-06-19, nynorsk, oriya, panjabi, pinyin, polish, portuguese, 
romanian, russian, sanskrit, serbian, slovak, slovenian, spanish, swedish, swis
sgerman, tamil, telugu, turkish, turkmen, ukenglish, ukrainian, uppersorbian, u
senglishmax, welsh, loaded.
(I:\Work\Thesis\uwthesis.cls
Document Class: uwthesis 2012/04/02
\tf@not=\write3
("C:\Program Files (x86)\MiKTeX 2.9\tex\latex\base\book.cls"
Document Class: book 2007/10/19 v1.4h Standard LaTeX document class
("C:\Program Files (x86)\MiKTeX 2.9\tex\latex\base\bk10.clo"
File: bk10.clo 2007/10/19 v1.4h Standard LaTeX file (size option)
)
\c@part=\count79
\c@chapter=\count80
\c@section=\count81
\c@subsection=\count82
\c@subsubsection=\count83
\c@paragraph=\count84
\c@subparagraph=\count85
\c@figure=\count86
\c@table=\count87
\abovecaptionskip=\skip41
\belowcaptionskip=\skip42
\bibindent=\dimen102
)
\botmargin=\dimen103
\@@wholepage=\box26

Formatting for twoside printing.
\@Chair=\count88
\@Sign=\count89
\abs@savebox=\box27
) ("C:\Program Files (x86)\MiKTeX 2.9\tex\latex\base\inputenc.sty"
Package: inputenc 2008/03/30 v1.1d Input encoding file
\inpenc@prehook=\toks14
\inpenc@posthook=\toks15

("C:\Program Files (x86)\MiKTeX 2.9\tex\latex\base\utf8.def"
File: utf8.def 2008/04/05 v1.1m UTF-8 support for inputenc
Now handling font encoding OML ...
... no UTF-8 mapping file for font encoding OML
Now handling font encoding T1 ...
... processing UTF-8 mapping file for font encoding T1

("C:\Program Files (x86)\MiKTeX 2.9\tex\latex\base\t1enc.dfu"
File: t1enc.dfu 2008/04/05 v1.1m UTF-8 support for inputenc
   defining Unicode char U+00A1 (decimal 161)
   defining Unicode char U+00A3 (decimal 163)
   defining Unicode char U+00AB (decimal 171)
   defining Unicode char U+00BB (decimal 187)
   defining Unicode char U+00BF (decimal 191)
   defining Unicode char U+00C0 (decimal 192)
   defining Unicode char U+00C1 (decimal 193)
   defining Unicode char U+00C2 (decimal 194)
   defining Unicode char U+00C3 (decimal 195)
   defining Unicode char U+00C4 (decimal 196)
   defining Unicode char U+00C5 (decimal 197)
   defining Unicode char U+00C6 (decimal 198)
   defining Unicode char U+00C7 (decimal 199)
   defining Unicode char U+00C8 (decimal 200)
   defining Unicode char U+00C9 (decimal 201)
   defining Unicode char U+00CA (decimal 202)
   defining Unicode char U+00CB (decimal 203)
   defining Unicode char U+00CC (decimal 204)
   defining Unicode char U+00CD (decimal 205)
   defining Unicode char U+00CE (decimal 206)
   defining Unicode char U+00CF (decimal 207)
   defining Unicode char U+00D0 (decimal 208)
   defining Unicode char U+00D1 (decimal 209)
   defining Unicode char U+00D2 (decimal 210)
   defining Unicode char U+00D3 (decimal 211)
   defining Unicode char U+00D4 (decimal 212)
   defining Unicode char U+00D5 (decimal 213)
   defining Unicode char U+00D6 (decimal 214)
   defining Unicode char U+00D8 (decimal 216)
   defining Unicode char U+00D9 (decimal 217)
   defining Unicode char U+00DA (decimal 218)
   defining Unicode char U+00DB (decimal 219)
   defining Unicode char U+00DC (decimal 220)
   defining Unicode char U+00DD (decimal 221)
   defining Unicode char U+00DE (decimal 222)
   defining Unicode char U+00DF (decimal 223)
   defining Unicode char U+00E0 (decimal 224)
   defining Unicode char U+00E1 (decimal 225)
   defining Unicode char U+00E2 (decimal 226)
   defining Unicode char U+00E3 (decimal 227)
   defining Unicode char U+00E4 (decimal 228)
   defining Unicode char U+00E5 (decimal 229)
   defining Unicode char U+00E6 (decimal 230)
   defining Unicode char U+00E7 (decimal 231)
   defining Unicode char U+00E8 (decimal 232)
   defining Unicode char U+00E9 (decimal 233)
   defining Unicode char U+00EA (decimal 234)
   defining Unicode char U+00EB (decimal 235)
   defining Unicode char U+00EC (decimal 236)
   defining Unicode char U+00ED (decimal 237)
   defining Unicode char U+00EE (decimal 238)
   defining Unicode char U+00EF (decimal 239)
   defining Unicode char U+00F0 (decimal 240)
   defining Unicode char U+00F1 (decimal 241)
   defining Unicode char U+00F2 (decimal 242)
   defining Unicode char U+00F3 (decimal 243)
   defining Unicode char U+00F4 (decimal 244)
   defining Unicode char U+00F5 (decimal 245)
   defining Unicode char U+00F6 (decimal 246)
   defining Unicode char U+00F8 (decimal 248)
   defining Unicode char U+00F9 (decimal 249)
   defining Unicode char U+00FA (decimal 250)
   defining Unicode char U+00FB (decimal 251)
   defining Unicode char U+00FC (decimal 252)
   defining Unicode char U+00FD (decimal 253)
   defining Unicode char U+00FE (decimal 254)
   defining Unicode char U+00FF (decimal 255)
   defining Unicode char U+0102 (decimal 258)
   defining Unicode char U+0103 (decimal 259)
   defining Unicode char U+0104 (decimal 260)
   defining Unicode char U+0105 (decimal 261)
   defining Unicode char U+0106 (decimal 262)
   defining Unicode char U+0107 (decimal 263)
   defining Unicode char U+010C (decimal 268)
   defining Unicode char U+010D (decimal 269)
   defining Unicode char U+010E (decimal 270)
   defining Unicode char U+010F (decimal 271)
   defining Unicode char U+0110 (decimal 272)
   defining Unicode char U+0111 (decimal 273)
   defining Unicode char U+0118 (decimal 280)
   defining Unicode char U+0119 (decimal 281)
   defining Unicode char U+011A (decimal 282)
   defining Unicode char U+011B (decimal 283)
   defining Unicode char U+011E (decimal 286)
   defining Unicode char U+011F (decimal 287)
   defining Unicode char U+0130 (decimal 304)
   defining Unicode char U+0131 (decimal 305)
   defining Unicode char U+0132 (decimal 306)
   defining Unicode char U+0133 (decimal 307)
   defining Unicode char U+0139 (decimal 313)
   defining Unicode char U+013A (decimal 314)
   defining Unicode char U+013D (decimal 317)
   defining Unicode char U+013E (decimal 318)
   defining Unicode char U+0141 (decimal 321)
   defining Unicode char U+0142 (decimal 322)
   defining Unicode char U+0143 (decimal 323)
   defining Unicode char U+0144 (decimal 324)
   defining Unicode char U+0147 (decimal 327)
   defining Unicode char U+0148 (decimal 328)
   defining Unicode char U+014A (decimal 330)
   defining Unicode char U+014B (decimal 331)
   defining Unicode char U+0150 (decimal 336)
   defining Unicode char U+0151 (decimal 337)
   defining Unicode char U+0152 (decimal 338)
   defining Unicode char U+0153 (decimal 339)
   defining Unicode char U+0154 (decimal 340)
   defining Unicode char U+0155 (decimal 341)
   defining Unicode char U+0158 (decimal 344)
   defining Unicode char U+0159 (decimal 345)
   defining Unicode char U+015A (decimal 346)
   defining Unicode char U+015B (decimal 347)
   defining Unicode char U+015E (decimal 350)
   defining Unicode char U+015F (decimal 351)
   defining Unicode char U+0160 (decimal 352)
   defining Unicode char U+0161 (decimal 353)
   defining Unicode char U+0162 (decimal 354)
   defining Unicode char U+0163 (decimal 355)
   defining Unicode char U+0164 (decimal 356)
   defining Unicode char U+0165 (decimal 357)
   defining Unicode char U+016E (decimal 366)
   defining Unicode char U+016F (decimal 367)
   defining Unicode char U+0170 (decimal 368)
   defining Unicode char U+0171 (decimal 369)
   defining Unicode char U+0178 (decimal 376)
   defining Unicode char U+0179 (decimal 377)
   defining Unicode char U+017A (decimal 378)
   defining Unicode char U+017B (decimal 379)
   defining Unicode char U+017C (decimal 380)
   defining Unicode char U+017D (decimal 381)
   defining Unicode char U+017E (decimal 382)
   defining Unicode char U+200C (decimal 8204)
   defining Unicode char U+2013 (decimal 8211)
   defining Unicode char U+2014 (decimal 8212)
   defining Unicode char U+2018 (decimal 8216)
   defining Unicode char U+2019 (decimal 8217)
   defining Unicode char U+201A (decimal 8218)
   defining Unicode char U+201C (decimal 8220)
   defining Unicode char U+201D (decimal 8221)
   defining Unicode char U+201E (decimal 8222)
   defining Unicode char U+2030 (decimal 8240)
   defining Unicode char U+2031 (decimal 8241)
   defining Unicode char U+2039 (decimal 8249)
   defining Unicode char U+203A (decimal 8250)
   defining Unicode char U+2423 (decimal 9251)
)
Now handling font encoding OT1 ...
... processing UTF-8 mapping file for font encoding OT1

("C:\Program Files (x86)\MiKTeX 2.9\tex\latex\base\ot1enc.dfu"
File: ot1enc.dfu 2008/04/05 v1.1m UTF-8 support for inputenc
   defining Unicode char U+00A1 (decimal 161)
   defining Unicode char U+00A3 (decimal 163)
   defining Unicode char U+00B8 (decimal 184)
   defining Unicode char U+00BF (decimal 191)
   defining Unicode char U+00C5 (decimal 197)
   defining Unicode char U+00C6 (decimal 198)
   defining Unicode char U+00D8 (decimal 216)
   defining Unicode char U+00DF (decimal 223)
   defining Unicode char U+00E6 (decimal 230)
   defining Unicode char U+00EC (decimal 236)
   defining Unicode char U+00ED (decimal 237)
   defining Unicode char U+00EE (decimal 238)
   defining Unicode char U+00EF (decimal 239)
   defining Unicode char U+00F8 (decimal 248)
   defining Unicode char U+0131 (decimal 305)
   defining Unicode char U+0141 (decimal 321)
   defining Unicode char U+0142 (decimal 322)
   defining Unicode char U+0152 (decimal 338)
   defining Unicode char U+0153 (decimal 339)
   defining Unicode char U+2013 (decimal 8211)
   defining Unicode char U+2014 (decimal 8212)
   defining Unicode char U+2018 (decimal 8216)
   defining Unicode char U+2019 (decimal 8217)
   defining Unicode char U+201C (decimal 8220)
   defining Unicode char U+201D (decimal 8221)
)
Now handling font encoding OMS ...
... processing UTF-8 mapping file for font encoding OMS

("C:\Program Files (x86)\MiKTeX 2.9\tex\latex\base\omsenc.dfu"
File: omsenc.dfu 2008/04/05 v1.1m UTF-8 support for inputenc
   defining Unicode char U+00A7 (decimal 167)
   defining Unicode char U+00B6 (decimal 182)
   defining Unicode char U+00B7 (decimal 183)
   defining Unicode char U+2020 (decimal 8224)
   defining Unicode char U+2021 (decimal 8225)
   defining Unicode char U+2022 (decimal 8226)
)
Now handling font encoding OMX ...
... no UTF-8 mapping file for font encoding OMX
Now handling font encoding U ...
... no UTF-8 mapping file for font encoding U
   defining Unicode char U+00A9 (decimal 169)
   defining Unicode char U+00AA (decimal 170)
   defining Unicode char U+00AE (decimal 174)
   defining Unicode char U+00BA (decimal 186)
   defining Unicode char U+02C6 (decimal 710)
   defining Unicode char U+02DC (decimal 732)
   defining Unicode char U+200C (decimal 8204)
   defining Unicode char U+2026 (decimal 8230)
   defining Unicode char U+2122 (decimal 8482)
   defining Unicode char U+2423 (decimal 9251)
))
("C:\Program Files (x86)\MiKTeX 2.9\tex\latex\ams\math\amsmath.sty"
Package: amsmath 2000/07/18 v2.13 AMS math features
\@mathmargin=\skip43

For additional information on amsmath, use the `?' option.
("C:\Program Files (x86)\MiKTeX 2.9\tex\latex\ams\math\amstext.sty"
Package: amstext 2000/06/29 v2.01

("C:\Program Files (x86)\MiKTeX 2.9\tex\latex\ams\math\amsgen.sty"
File: amsgen.sty 1999/11/30 v2.0
\@emptytoks=\toks16
\ex@=\dimen104
))
("C:\Program Files (x86)\MiKTeX 2.9\tex\latex\ams\math\amsbsy.sty"
Package: amsbsy 1999/11/29 v1.2d
\pmbraise@=\dimen105
)
("C:\Program Files (x86)\MiKTeX 2.9\tex\latex\ams\math\amsopn.sty"
Package: amsopn 1999/12/14 v2.01 operator names
)
\inf@bad=\count90
LaTeX Info: Redefining \frac on input line 211.
\uproot@=\count91
\leftroot@=\count92
LaTeX Info: Redefining \overline on input line 307.
\classnum@=\count93
\DOTSCASE@=\count94
LaTeX Info: Redefining \ldots on input line 379.
LaTeX Info: Redefining \dots on input line 382.
LaTeX Info: Redefining \cdots on input line 467.
\Mathstrutbox@=\box28
\strutbox@=\box29
\big@size=\dimen106
LaTeX Font Info:    Redeclaring font encoding OML on input line 567.
LaTeX Font Info:    Redeclaring font encoding OMS on input line 568.
\macc@depth=\count95
\c@MaxMatrixCols=\count96
\dotsspace@=\muskip10
\c@parentequation=\count97
\dspbrk@lvl=\count98
\tag@help=\toks17
\row@=\count99
\column@=\count100
\maxfields@=\count101
\andhelp@=\toks18
\eqnshift@=\dimen107
\alignsep@=\dimen108
\tagshift@=\dimen109
\tagwidth@=\dimen110
\totwidth@=\dimen111
\lineht@=\dimen112
\@envbody=\toks19
\multlinegap=\skip44
\multlinetaggap=\skip45
\mathdisplay@stack=\toks20
LaTeX Info: Redefining \[ on input line 2666.
LaTeX Info: Redefining \] on input line 2667.
)
("C:\Program Files (x86)\MiKTeX 2.9\tex\latex\amsfonts\amsfonts.sty"
Package: amsfonts 2009/06/22 v3.00 Basic AMSFonts support
\symAMSa=\mathgroup4
\symAMSb=\mathgroup5
LaTeX Font Info:    Overwriting math alphabet `\mathfrak' in version `bold'
(Font)                  U/euf/m/n --> U/euf/b/n on input line 96.
)
("C:\Program Files (x86)\MiKTeX 2.9\tex\latex\amsfonts\amssymb.sty"
Package: amssymb 2009/06/22 v3.00
)
("C:\Program Files (x86)\MiKTeX 2.9\tex\latex\graphics\graphicx.sty"
Package: graphicx 1999/02/16 v1.0f Enhanced LaTeX Graphics (DPC,SPQR)

("C:\Program Files (x86)\MiKTeX 2.9\tex\latex\graphics\keyval.sty"
Package: keyval 1999/03/16 v1.13 key=value parser (DPC)
\KV@toks@=\toks21
)
("C:\Program Files (x86)\MiKTeX 2.9\tex\latex\graphics\graphics.sty"
Package: graphics 2009/02/05 v1.0o Standard LaTeX Graphics (DPC,SPQR)

("C:\Program Files (x86)\MiKTeX 2.9\tex\latex\graphics\trig.sty"
Package: trig 1999/03/16 v1.09 sin cos tan (DPC)
)
("C:\Program Files (x86)\MiKTeX 2.9\tex\latex\00miktex\graphics.cfg"
File: graphics.cfg 2007/01/18 v1.5 graphics configuration of teTeX/TeXLive
)
Package graphics Info: Driver file: pdftex.def on input line 91.

("C:\Program Files (x86)\MiKTeX 2.9\tex\latex\pdftex-def\pdftex.def"
File: pdftex.def 2011/04/25 v0.06b Graphics/color for pdfTeX

("C:\Program Files (x86)\MiKTeX 2.9\tex\generic\oberdiek\infwarerr.sty"
Package: infwarerr 2010/04/08 v1.3 Providing info/warning/message (HO)
)
("C:\Program Files (x86)\MiKTeX 2.9\tex\generic\oberdiek\ltxcmds.sty"
Package: ltxcmds 2011/04/18 v1.20 LaTeX kernel commands for general use (HO)
)
\Gread@gobject=\count102
))
\Gin@req@height=\dimen113
\Gin@req@width=\dimen114
)
("C:\Program Files (x86)\MiKTeX 2.9\tex\latex\oberdiek\epstopdf.sty"
Package: epstopdf 2010/02/09 v2.5 Conversion with epstopdf on the fly (HO)

("C:\Program Files (x86)\MiKTeX 2.9\tex\latex\oberdiek\epstopdf-base.sty"
Package: epstopdf-base 2010/02/09 v2.5 Base part for package epstopdf

("C:\Program Files (x86)\MiKTeX 2.9\tex\latex\oberdiek\grfext.sty"
Package: grfext 2010/08/19 v1.1 Managing graphics extensions (HO)

("C:\Program Files (x86)\MiKTeX 2.9\tex\generic\oberdiek\kvdefinekeys.sty"
Package: kvdefinekeys 2011/04/07 v1.3 Defining keys (HO)
))
("C:\Program Files (x86)\MiKTeX 2.9\tex\latex\oberdiek\kvoptions.sty"
Package: kvoptions 2010/12/23 v3.10 Keyval support for LaTeX options (HO)

("C:\Program Files (x86)\MiKTeX 2.9\tex\generic\oberdiek\kvsetkeys.sty"
Package: kvsetkeys 2011/04/07 v1.13 Key value parser (HO)

("C:\Program Files (x86)\MiKTeX 2.9\tex\generic\oberdiek\etexcmds.sty"
Package: etexcmds 2011/02/16 v1.5 Prefix for e-TeX command names (HO)

("C:\Program Files (x86)\MiKTeX 2.9\tex\generic\oberdiek\ifluatex.sty"
Package: ifluatex 2010/03/01 v1.3 Provides the ifluatex switch (HO)
Package ifluatex Info: LuaTeX not detected.
)
Package etexcmds Info: Could not find \expanded.
(etexcmds)             That can mean that you are not using pdfTeX 1.50 or
(etexcmds)             that some package has redefined \expanded.
(etexcmds)             In the latter case, load this package earlier.
)))
("C:\Program Files (x86)\MiKTeX 2.9\tex\generic\oberdiek\pdftexcmds.sty"
Package: pdftexcmds 2011/04/22 v0.16 Utilities of pdfTeX for LuaTeX (HO)

("C:\Program Files (x86)\MiKTeX 2.9\tex\generic\oberdiek\ifpdf.sty"
Package: ifpdf 2011/01/30 v2.3 Provides the ifpdf switch (HO)
Package ifpdf Info: pdfTeX in PDF mode is detected.
)
Package pdftexcmds Info: LuaTeX not detected.
Package pdftexcmds Info: \pdf@primitive is available.
Package pdftexcmds Info: \pdf@ifprimitive is available.
Package pdftexcmds Info: \pdfdraftmode found.
)
Package grfext Info: Graphics extension search list:
(grfext)             [.png,.pdf,.jpg,.mps,.jpeg,.jbig2,.jb2,.PNG,.PDF,.JPG,.JPE
G,.JBIG2,.JB2,.eps]
(grfext)             \AppendGraphicsExtensions on input line 452.
))
("C:\Program Files (x86)\MiKTeX 2.9\tex\latex\graphics\lscape.sty"
Package: lscape 2000/10/22 v3.01 Landscape Pages (DPC)
)
("C:\Program Files (x86)\MiKTeX 2.9\tex\latex\tools\longtable.sty"
Package: longtable 2004/02/01 v4.11 Multi-page Table package (DPC)
\LTleft=\skip46
\LTright=\skip47
\LTpre=\skip48
\LTpost=\skip49
\LTchunksize=\count103
\LTcapwidth=\dimen115
\LT@head=\box30
\LT@firsthead=\box31
\LT@foot=\box32
\LT@lastfoot=\box33
\LT@cols=\count104
\LT@rows=\count105
\c@LT@tables=\count106
\c@LT@chunks=\count107
\LT@p@ftn=\toks22
)
("C:\Program Files (x86)\MiKTeX 2.9\tex\latex\tools\afterpage.sty"
Package: afterpage 1995/10/27 v1.08 After-Page Package (DPC)
\AP@output=\toks23
\AP@partial=\box34
\AP@footins=\box35
)
(I:\Work\Thesis\Graner_EDM_Thesis.aux)
LaTeX Font Info:    Checking defaults for OML/cmm/m/it on input line 13.
LaTeX Font Info:    ... okay on input line 13.
LaTeX Font Info:    Checking defaults for T1/cmr/m/n on input line 13.
LaTeX Font Info:    ... okay on input line 13.
LaTeX Font Info:    Checking defaults for OT1/cmr/m/n on input line 13.
LaTeX Font Info:    ... okay on input line 13.
LaTeX Font Info:    Checking defaults for OMS/cmsy/m/n on input line 13.
LaTeX Font Info:    ... okay on input line 13.
LaTeX Font Info:    Checking defaults for OMX/cmex/m/n on input line 13.
LaTeX Font Info:    ... okay on input line 13.
LaTeX Font Info:    Checking defaults for U/cmr/m/n on input line 13.
LaTeX Font Info:    ... okay on input line 13.

("C:\Program Files (x86)\MiKTeX 2.9\tex\context\base\supp-pdf.mkii"
[Loading MPS to PDF converter (version 2006.09.02).]
\scratchcounter=\count108
\scratchdimen=\dimen116
\scratchbox=\box36
\nofMPsegments=\count109
\nofMParguments=\count110
\everyMPshowfont=\toks24
\MPscratchCnt=\count111
\MPscratchDim=\dimen117
\MPnumerator=\count112
\makeMPintoPDFobject=\count113
\everyMPtoPDFconversion=\toks25
)
LaTeX Font Info:    Try loading font information for U+msa on input line 27.
 ("C:\Program Files (x86)\MiKTeX 2.9\tex\latex\amsfonts\umsa.fd"
File: umsa.fd 2009/06/22 v3.00 AMS symbols A
)
LaTeX Font Info:    Try loading font information for U+msb on input line 27.

("C:\Program Files (x86)\MiKTeX 2.9\tex\latex\amsfonts\umsb.fd"
File: umsb.fd 2009/06/22 v3.00 AMS symbols B
) [-1


{C:/ProgramData/MiKTeX/2.9/pdftex/config/pdftex.map}] [0

] [1] [2]
(I:\Work\Thesis\Graner_EDM_Thesis.toc [1



] [2])
\tf@toc=\write4
 [3]
(I:\Work\Thesis\Graner_EDM_Thesis.lof [4

])
\tf@lof=\write5
 [5]
(I:\Work\Thesis\Graner_EDM_Thesis.lot)
\tf@lot=\write6
 [6

] [7

] [8

]
<<1>>
[1



]
LaTeX Font Info:    Try loading font information for OMS+cmr on input line 60.
 ("C:\Program Files (x86)\MiKTeX 2.9\tex\latex\base\omscmr.fd"
File: omscmr.fd 1999/05/25 v2.5h Standard LaTeX font definitions
)
LaTeX Font Info:    Font shape `OMS/cmr/m/n' in size <10> not available
(Font)              Font shape `OMS/cmsy/m/n' tried instead on input line 60.
 [2]
<Figures/EDM_polar_vector_P_T_violation.pdf, id=62, 485.34131pt x 433.7236pt>
File: Figures/EDM_polar_vector_P_T_violation.pdf Graphic file (type pdf)

<use Figures/EDM_polar_vector_P_T_violation.pdf>
Package pdftex.def Info: Figures/EDM_polar_vector_P_T_violation.pdf used on inp
ut line 67.
(pdftex.def)             Requested size: 194.13307pt x 173.48636pt.
 [3] [4 <I:/Work/Thesis/Figures/EDM_polar_vector_P_T_violation.pdf>] [5]
<Figures/EDM_pseudovector_P_T_violation.pdf, id=82, 565.14397pt x 531.65924pt>
File: Figures/EDM_pseudovector_P_T_violation.pdf Graphic file (type pdf)

<use Figures/EDM_pseudovector_P_T_violation.pdf>
Package pdftex.def Info: Figures/EDM_pseudovector_P_T_violation.pdf used on inp
ut line 104.
(pdftex.def)             Requested size: 226.05357pt x 212.65993pt.
 [6]
Underfull \vbox (badness 6641) has occurred while \output is active []

 [7 <I:/Work/Thesis/Figures/EDM_pseudovector_P_T_violation.pdf>] [8] [9]
<<2>>
<Figures/Level_diagram.pdf, id=109, 535.89847pt x 474.48833pt>
File: Figures/Level_diagram.pdf Graphic file (type pdf)

<use Figures/Level_diagram.pdf>
Package pdftex.def Info: Figures/Level_diagram.pdf used on input line 143.
(pdftex.def)             Requested size: 214.35559pt x 189.79196pt.
 [10

] [11 <I:/Work/Thesis/Figures/Level_diagram.pdf>] <Figures/Faraday_rotation.pdf
, id=126, 700.47139pt x 457.74695pt>
File: Figures/Faraday_rotation.pdf Graphic file (type pdf)

<use Figures/Faraday_rotation.pdf>
Package pdftex.def Info: Figures/Faraday_rotation.pdf used on input line 166.
(pdftex.def)             Requested size: 280.1836pt x 183.09552pt.

<Figures/Field_misalignment.pdf, id=127, 1138.9286pt x 602.29381pt>
File: Figures/Field_misalignment.pdf Graphic file (type pdf)

<use Figures/Field_misalignment.pdf>
Package pdftex.def Info: Figures/Field_misalignment.pdf used on input line 178.

(pdftex.def)             Requested size: 398.63098pt x 210.80598pt.
 [12] [13 <I:/Work/Thesis/Figures/Faraday_rotation.pdf>] [14 <I:/Work/Thesis/Fi
gures/Field_misalignment.pdf>]
Underfull \vbox (badness 10000) has occurred while \output is active []

 [15]
[16]
<<3>>
[17

] [18] <Figures/SHG_Cavity_Diagram.pdf, id=173, 1394.18498pt x 597.50786pt>
File: Figures/SHG_Cavity_Diagram.pdf Graphic file (type pdf)

<use Figures/SHG_Cavity_Diagram.pdf>
Package pdftex.def Info: Figures/SHG_Cavity_Diagram.pdf used on input line 248.

(pdftex.def)             Requested size: 418.25873pt x 179.25374pt.

Underfull \vbox (badness 10000) has occurred while \output is active []

 [19 <I:/Work/Thesis/Figures/SHG_Cavity_Diagram.pdf>] [20]
<Figures/refractive_index.pdf, id=252, 845.04686pt x 597.50786pt>
File: Figures/refractive_index.pdf Graphic file (type pdf)

<use Figures/refractive_index.pdf>
Package pdftex.def Info: Figures/refractive_index.pdf used on input line 270.
(pdftex.def)             Requested size: 253.516pt x 179.25374pt.
 [21 <I:/Work/Thesis/Figures/refractive_index.pdf>] <Figures/Vessel_Diagram.pdf
, id=276, 366.39384pt x 444.54213pt>
File: Figures/Vessel_Diagram.pdf Graphic file (type pdf)

<use Figures/Vessel_Diagram.pdf>
Package pdftex.def Info: Figures/Vessel_Diagram.pdf used on input line 288.
(pdftex.def)             Requested size: 219.838pt x 266.72734pt.
 [22]
<Figures/Coil_Current_Dist_On_Axis.pdf, id=280, 1135.00478pt x 277.96233pt>
File: Figures/Coil_Current_Dist_On_Axis.pdf Graphic file (type pdf)

<use Figures/Coil_Current_Dist_On_Axis.pdf>
Package pdftex.def Info: Figures/Coil_Current_Dist_On_Axis.pdf used on input li
ne 302.
(pdftex.def)             Requested size: 419.94519pt x 102.84444pt.

Underfull \vbox (badness 10000) has occurred while \output is active []

 [23 <I:/Work/Thesis/Figures/Vessel_Diagram.pdf>]
<Figures/EndcapCoilCurrent.pdf, id=292, 448.55495pt x 432.87671pt>
File: Figures/EndcapCoilCurrent.pdf Graphic file (type pdf)

<use Figures/EndcapCoilCurrent.pdf>
Package pdftex.def Info: Figures/EndcapCoilCurrent.pdf used on input line 313.
(pdftex.def)             Requested size: 179.4188pt x 173.14761pt.
 [24 <I:/Work/Thesis/Figures/Coil_Current_Dist_On_Axis.pdf>]
Underfull \vbox (badness 3557) has occurred while \output is active []

 [25 <I:/Work/Thesis/Figures/EndcapCoilCurrent.pdf>]
<Figures/dBy-dx_Coils.pdf, id=329, 599.12811pt x 277.96227pt>
File: Figures/dBy-dx_Coils.pdf Graphic file (type pdf)

<use Figures/dBy-dx_Coils.pdf>
Package pdftex.def Info: Figures/dBy-dx_Coils.pdf used on input line 328.
(pdftex.def)             Requested size: 221.67392pt x 102.84442pt.
 [26 <I:/Work/Thesis/Figures/dBy-dx_Coils.pdf>]
<Figures/B0_Source_Circuit_Diagram.pdf, id=351, 2886.785pt x 1828.05457pt>
File: Figures/B0_Source_Circuit_Diagram.pdf Graphic file (type pdf)

<use Figures/B0_Source_Circuit_Diagram.pdf>
Package pdftex.def Info: Figures/B0_Source_Circuit_Diagram.pdf used on input li
ne 387.
(pdftex.def)             Requested size: 404.14716pt x 255.92589pt.
 [27] [28 <I:/Work/Thesis/Figures/B0_Source_Circuit_Diagram.pdf>]
<Figures/B0_Current_Source_Power_Supply.pdf, id=366, 2765.29718pt x 1275.67117p
t>
File: Figures/B0_Current_Source_Power_Supply.pdf Graphic file (type pdf)
 <use Figures/B0_Current_Source_Power_Supply.pdf>
Package pdftex.def Info: Figures/B0_Current_Source_Power_Supply.pdf used on inp
ut line 400.
(pdftex.def)             Requested size: 387.13898pt x 178.59274pt.
 [29 <I:/Work/Thesis/Figures/B0_Current_Source_Power_Supply.pdf>]
<Figures/Groundplane.pdf, id=384, 812.33603pt x 489.64323pt>
File: Figures/Groundplane.pdf Graphic file (type pdf)

<use Figures/Groundplane.pdf>
Package pdftex.def Info: Figures/Groundplane.pdf used on input line 417.
(pdftex.def)             Requested size: 324.92865pt x 195.85382pt.
 [30 <I:/Work/Thesis/Figures/Groundplane.pdf>]
<Figures/Electrometer_Circuit_Diagram.pdf, id=396, 1743.73344pt x 695.38991pt>
File: Figures/Electrometer_Circuit_Diagram.pdf Graphic file (type pdf)

<use Figures/Electrometer_Circuit_Diagram.pdf>
Package pdftex.def Info: Figures/Electrometer_Circuit_Diagram.pdf used on input
 line 434.
(pdftex.def)             Requested size: 296.43077pt x 118.21472pt.
 [31]
<Figures/Pre+amplifier.pdf, id=401, 2845.27542pt x 1365.73224pt>
File: Figures/Pre+amplifier.pdf Graphic file (type pdf)

<use Figures/Pre+amplifier.pdf>
Package pdftex.def Info: Figures/Pre+amplifier.pdf used on input line 449.
(pdftex.def)             Requested size: 426.7729pt x 204.851pt.

<Figures/DAQ_Filter.pdf, id=402, 1497.31477pt x 924.71455pt>
File: Figures/DAQ_Filter.pdf Graphic file (type pdf)

<use Figures/DAQ_Filter.pdf>
Package pdftex.def Info: Figures/DAQ_Filter.pdf used on input line 458.
(pdftex.def)             Requested size: 224.58752pt x 138.70119pt.

Underfull \vbox (badness 1622) has occurred while \output is active []

 [32 <I:/Work/Thesis/Figures/Electrometer_Circuit_Diagram.pdf>] [33 <I:/Work/Th
esis/Figures/Pre+amplifier.pdf> <I:/Work/Thesis/Figures/DAQ_Filter.pdf>] [34]
<<4>>
<Figures/Cell_Picture.JPG, id=448, 315.0972pt x 223.0734pt>
File: Figures/Cell_Picture.JPG Graphic file (type jpg)

<use Figures/Cell_Picture.JPG>
Package pdftex.def Info: Figures/Cell_Picture.JPG used on input line 476.
(pdftex.def)             Requested size: 252.0781pt x 178.45895pt.
 [35

]
Underfull \vbox (badness 10000) has occurred while \output is active []

 [36 <I:/Work/Thesis/Figures/Cell_Picture.JPG>]
<Figures/Cell_Filling.JPG, id=455, 1606.0pt x 1204.5pt>
File: Figures/Cell_Filling.JPG Graphic file (type jpg)

<use Figures/Cell_Filling.JPG>
Package pdftex.def Info: Figures/Cell_Filling.JPG used on input line 493.
(pdftex.def)             Requested size: 321.19432pt x 240.89574pt.
 [37 <I:/Work/Thesis/Figures/Cell_Filling.JPG>]
[38] [39] <Figures/Hg_droplet_photo.jpg, id=466, 338.2236pt x 277.5168pt>
File: Figures/Hg_droplet_photo.jpg Graphic file (type jpg)

<use Figures/Hg_droplet_photo.jpg>
Package pdftex.def Info: Figures/Hg_droplet_photo.jpg used on input line 524.
(pdftex.def)             Requested size: 270.57925pt x 222.01373pt.
 [40]
<Figures/Lifetime_UV_exposure.pdf, id=470, 636.19347pt x 384.29626pt>
File: Figures/Lifetime_UV_exposure.pdf Graphic file (type pdf)

<use Figures/Lifetime_UV_exposure.pdf>
Package pdftex.def Info: Figures/Lifetime_UV_exposure.pdf used on input line 53
4.
(pdftex.def)             Requested size: 381.71902pt x 230.57953pt.
 [41 <I:/Work/Thesis/Figures/Hg_droplet_photo.jpg>] [42 <I:/Work/Thesis/Figures
/Lifetime_UV_exposure.pdf>] [43]
<<5>>
[44

] [45] [46] <Figures/Tdiff.pdf, id=500, 794.76042pt x 545.90375pt>
File: Figures/Tdiff.pdf Graphic file (type pdf)

<use Figures/Tdiff.pdf>
Package pdftex.def Info: Figures/Tdiff.pdf used on input line 635.
(pdftex.def)             Requested size: 317.89853pt x 218.35762pt.
 [47]
<Figures/SampleRun.pdf, id=504, 1350.8686pt x 611.88597pt>
File: Figures/SampleRun.pdf Graphic file (type pdf)

<use Figures/SampleRun.pdf>
Package pdftex.def Info: Figures/SampleRun.pdf used on input line 691.
(pdftex.def)             Requested size: 405.26372pt x 183.5672pt.
 [48 <I:/Work/Thesis/Figures/Tdiff.pdf>]
Underfull \vbox (badness 10000) has occurred while \output is active []

 [49]
Underfull \vbox (badness 2205) has occurred while \output is active []

 [50 <I:/Work/Thesis/Figures/SampleRun.pdf>]
Overfull \hbox (3.88634pt too wide) in paragraph at lines 717--718
[]\OT1/cmr/m/n/10 Monte Carlo sim-u-la-tions of the ex-per-i-ment us-ing syn-th
e-sized data trains with Gaussian-distributed
 []

[51] [52]
<<6>>
<Figures/10kV_Final_Datatset_Graph.pdf, id=538, 668.50148pt x 295.39287pt>
File: Figures/10kV_Final_Datatset_Graph.pdf Graphic file (type pdf)

<use Figures/10kV_Final_Datatset_Graph.pdf>
Package pdftex.def Info: Figures/10kV_Final_Datatset_Graph.pdf used on input li
ne 742.
(pdftex.def)             Requested size: 401.10397pt x 177.23708pt.

<Figures/6kV_Final_Datatset_Graph.pdf, id=539, 671.0611pt x 307.4624pt>
File: Figures/6kV_Final_Datatset_Graph.pdf Graphic file (type pdf)

<use Figures/6kV_Final_Datatset_Graph.pdf>
Package pdftex.def Info: Figures/6kV_Final_Datatset_Graph.pdf used on input lin
e 751.
(pdftex.def)             Requested size: 402.63977pt x 184.47885pt.

Underfull \vbox (badness 1297) has occurred while \output is active []

 [53

]
[54 <I:/Work/Thesis/Figures/10kV_Final_Datatset_Graph.pdf>] [55 <I:/Work/Thesis
/Figures/6kV_Final_Datatset_Graph.pdf>] [56] [57]
<<7>>
[58

] <Figures/Fluxgate_By_Measurements.pdf, id=591, 684.91663pt x 357.20439pt>
File: Figures/Fluxgate_By_Measurements.pdf Graphic file (type pdf)

<use Figures/Fluxgate_By_Measurements.pdf>
Package pdftex.def Info: Figures/Fluxgate_By_Measurements.pdf used on input lin
e 832.
(pdftex.def)             Requested size: 410.95314pt x 214.32428pt.
 [59] [60 <I:/Work/Thesis/Figures/Fluxgate_By_Measurements.pdf>] [61]
<Figures/Unscaled_EDM_OT-OB_Results.pdf, id=614, 960.20187pt x 659.43343pt>
File: Figures/Unscaled_EDM_OT-OB_Results.pdf Graphic file (type pdf)

<use Figures/Unscaled_EDM_OT-OB_Results.pdf>
Package pdftex.def Info: Figures/Unscaled_EDM_OT-OB_Results.pdf used on input l
ine 899.
(pdftex.def)             Requested size: 403.28204pt x 276.96014pt.
 [62] [63]
<Figures/(Ir)reversible_dBy.pdf, id=621, 2319.7307pt x 554.73203pt>
File: Figures/(Ir)reversible_dBy.pdf Graphic file (type pdf)

<use Figures/(Ir)reversible_dBy.pdf>
Package pdftex.def Info: Figures/(Ir)reversible_dBy.pdf used on input line 931.

(pdftex.def)             Requested size: 405.95895pt x 97.07956pt.

Underfull \vbox (badness 10000) has occurred while \output is active []

 [64 <I:/Work/Thesis/Figures/Unscaled_EDM_OT-OB_Results.pdf>]

LaTeX Warning: `h' float specifier changed to `ht'.

[65 <I:/Work/Thesis/Figures/(Ir)reversible_dBy.pdf>] [66]

LaTeX Warning: `h' float specifier changed to `ht'.

<Figures/Outer_Cell_Histogram.pdf, id=697, 826.37566pt x 512.07114pt>
File: Figures/Outer_Cell_Histogram.pdf Graphic file (type pdf)

<use Figures/Outer_Cell_Histogram.pdf>
Package pdftex.def Info: Figures/Outer_Cell_Histogram.pdf used on input line 10
37.
(pdftex.def)             Requested size: 330.5444pt x 204.82481pt.
 [67]
<Figures/Combo_Histogram.pdf, id=702, 833.76018pt x 527.03522pt>
File: Figures/Combo_Histogram.pdf Graphic file (type pdf)

<use Figures/Combo_Histogram.pdf>
Package pdftex.def Info: Figures/Combo_Histogram.pdf used on input line 1045.
(pdftex.def)             Requested size: 333.49815pt x 210.81035pt.

Underfull \vbox (badness 1755) has occurred while \output is active []

 [68]
Underfull \vbox (badness 4341) has occurred while \output is active []

 [69 <I:/Work/Thesis/Figures/Outer_Cell_Histogram.pdf>]
Underfull \vbox (badness 10000) has occurred while \output is active []

 [70 <I:/Work/Thesis/Figures/Combo_Histogram.pdf>]
Underfull \vbox (badness 1430) has occurred while \output is active []

 [71]
Underfull \vbox (badness 4621) has occurred while \output is active []

 [72]
Overfull \hbox (6.89192pt too wide) in paragraph at lines 1150--1170
 [] 
 []

[73]
Overfull \hbox (27.5998pt too wide) in paragraph at lines 1185--1224
 [] 
 []

<Figures/Motional_Field_Diagram.pdf, id=740, 1017.23961pt x 572.06221pt>
File: Figures/Motional_Field_Diagram.pdf Graphic file (type pdf)

<use Figures/Motional_Field_Diagram.pdf>
Package pdftex.def Info: Figures/Motional_Field_Diagram.pdf used on input line 
1237.
(pdftex.def)             Requested size: 305.17424pt x 171.61998pt.
 [74] [75] [76 <I:/Work/Thesis/Figures/Motional_Field_Diagram.pdf>]
<Figures/Motional_Field_Phase_Shift.png, id=766, 1149.29375pt x 680.5425pt>
File: Figures/Motional_Field_Phase_Shift.png Graphic file (type png)

<use Figures/Motional_Field_Phase_Shift.png>
Package pdftex.def Info: Figures/Motional_Field_Phase_Shift.png used on input l
ine 1257.
(pdftex.def)             Requested size: 344.79079pt x 204.16432pt.
 [77 <I:/Work/Thesis/Figures/Motional_Field_Phase_Shift.png (PNG copy)>]
<Figures/Geometric_Phase.pdf, id=770, 1071.8979pt x 595.66486pt>
File: Figures/Geometric_Phase.pdf Graphic file (type pdf)

<use Figures/Geometric_Phase.pdf>
Package pdftex.def Info: Figures/Geometric_Phase.pdf used on input line 1276.
(pdftex.def)             Requested size: 321.57185pt x 178.70084pt.
 [78] [79 <I:/Work/Thesis/Figures/Geometric_Phase.pdf>]
<Figures/Hg_EDM_Limits_vs_time.pdf, id=793, 821.24695pt x 622.95235pt>
File: Figures/Hg_EDM_Limits_vs_time.pdf Graphic file (type pdf)

<use Figures/Hg_EDM_Limits_vs_time.pdf>
Package pdftex.def Info: Figures/Hg_EDM_Limits_vs_time.pdf used on input line 1
331.
(pdftex.def)             Requested size: 369.55771pt x 280.32596pt.
 [80] [81] [82 <I:/Work/Thesis/Figures/Hg_EDM_Limits_vs_time.pdf>]
<<8>>
[83

]
Underfull \vbox (badness 1107) has occurred while \output is active []

 [84]
<Figures/Theory_Diagram.pdf, id=819, 560.72223pt x 568.71762pt>
File: Figures/Theory_Diagram.pdf Graphic file (type pdf)

<use Figures/Theory_Diagram.pdf>
Package pdftex.def Info: Figures/Theory_Diagram.pdf used on input line 1428.
(pdftex.def)             Requested size: 336.43593pt x 341.2332pt.

Overfull \hbox (16.04349pt too wide) detected at line 1438
\OMS/cmsy/m/n/10 L[] \OT1/cmr/m/n/10 = [][]\OML/cmm/m/it/10 G[][] \OT1/cmr/m/n/
10 + []\OML/cmm/m/it/10 wf[]G[][]G[] \OMS/cmsy/m/n/10   [] [] \OML/cmm/m/it/10 
d[][]\OT1/cmr/m/n/10 (\OML/cmm/m/it/10 F \OMS/cmsy/m/n/10  \OML/cmm/m/it/10 \
OT1/cmr/m/n/10 )\OML/cmm/m/it/10 [] [] \OMS/cmsy/m/n/10   [] [] [][]\OT1/cmr/m
/n/10 (\OML/cmm/m/it/10 G \OMS/cmsy/m/n/10  \OML/cmm/m/it/10 \OT1/cmr/m/n/10 
)\OML/cmm/m/it/10 [] []
 []

[85] [86 <I:/Work/Thesis/Figures/Theory_Diagram.pdf>] [87] [88] [89]
(I:\Work\Thesis\Graner_EDM_Thesis.bbl [90] [91

] [92] [93] [94] [95]) [96]
<<A>>
[97

] [98]
<<B>>
[99

]
Overfull \hbox (18.27992pt too wide) in alignment at lines 1600--1605
 [] [] [] [] [] [] [] [] [] [] 
 []


Overfull \hbox (18.27992pt too wide) in alignment at lines 1605--1610
 [] [] [] [] [] [] [] [] [] [] 
 []


Overfull \hbox (18.27992pt too wide) in alignment at lines 1610--1631
 [] [] [] [] [] [] [] [] [] [] 
 []


Overfull \hbox (18.27992pt too wide) in alignment at lines 1631--1651
 [] [] [] [] [] [] [] [] [] [] 
 []


Overfull \hbox (18.27992pt too wide) in alignment at lines 1651--1671
 [] [] [] [] [] [] [] [] [] [] 
 []


Overfull \hbox (18.27992pt too wide) in alignment at lines 1671--1689
 [] [] [] [] [] [] [] [] [] [] 
 []

[100]
Underfull \vbox (badness 10000) has occurred while \output is active []

 [101]
Overfull \hbox (18.27992pt too wide) in alignment at lines 1695--1699
 [] [] [] [] [] [] [] [] [] [] 
 []


Overfull \hbox (18.27992pt too wide) in alignment at lines 1699--1704
 [] [] [] [] [] [] [] [] [] [] 
 []


Overfull \hbox (18.27992pt too wide) in alignment at lines 1704--1725
 [] [] [] [] [] [] [] [] [] [] 
 []


Overfull \hbox (18.27992pt too wide) in alignment at lines 1725--1745
 [] [] [] [] [] [] [] [] [] [] 
 []


Overfull \hbox (18.27992pt too wide) in alignment at lines 1745--1765
 [] [] [] [] [] [] [] [] [] [] 
 []


Overfull \hbox (18.27992pt too wide) in alignment at lines 1765--1774
 [] [] [] [] [] [] [] [] [] [] 
 []

[102] [103]
Overfull \hbox (14.02986pt too wide) in alignment at lines 1780--1784
 [] [] [] [] [] [] [] [] [] [] 
 []


Overfull \hbox (14.02986pt too wide) in alignment at lines 1784--1789
 [] [] [] [] [] [] [] [] [] [] 
 []


Overfull \hbox (14.02986pt too wide) in alignment at lines 1789--1810
 [] [] [] [] [] [] [] [] [] [] 
 []


Overfull \hbox (14.02986pt too wide) in alignment at lines 1810--1830
 [] [] [] [] [] [] [] [] [] [] 
 []


Overfull \hbox (14.02986pt too wide) in alignment at lines 1830--1850
 [] [] [] [] [] [] [] [] [] [] 
 []


Overfull \hbox (14.02986pt too wide) in alignment at lines 1850--1855
 [] [] [] [] [] [] [] [] [] [] 
 []

[104] [105]
Overfull \hbox (14.02986pt too wide) in alignment at lines 1861--1865
 [] [] [] [] [] [] [] [] [] [] 
 []


Overfull \hbox (14.02986pt too wide) in alignment at lines 1865--1870
 [] [] [] [] [] [] [] [] [] [] 
 []


Overfull \hbox (14.02986pt too wide) in alignment at lines 1870--1891
 [] [] [] [] [] [] [] [] [] [] 
 []


Overfull \hbox (14.02986pt too wide) in alignment at lines 1891--1911
 [] [] [] [] [] [] [] [] [] [] 
 []


Overfull \hbox (14.02986pt too wide) in alignment at lines 1911--1931
 [] [] [] [] [] [] [] [] [] [] 
 []


Overfull \hbox (14.02986pt too wide) in alignment at lines 1931--1942
 [] [] [] [] [] [] [] [] [] [] 
 []

[106] [107] [108

] (I:\Work\Thesis\Graner_EDM_Thesis.aux)

LaTeX Warning: Label(s) may have changed. Rerun to get cross-references right.

 ) 
Here is how much of TeX's memory you used:
 3258 strings out of 494053
 46313 string characters out of 3146165
 140381 words of memory out of 3000000
 6424 multiletter control sequences out of 15000+200000
 16424 words of font info for 60 fonts, out of 3000000 for 9000
 715 hyphenation exceptions out of 8191
 42i,12n,23p,2171b,266s stack positions out of 5000i,500n,10000p,200000b,50000s
<C:/Program Files (x86)/MiKTeX 2.9/fonts/type1/public/amsfonts/cm/cmbx10.pfb>
<C:/Program Files (x86)/MiKTeX 2.9/fonts/type1/public/amsfonts/cm/cmbx12.pfb><C
:/Program Files (x86)/MiKTeX 2.9/fonts/type1/public/amsfonts/cm/cmbx5.pfb><C:/P
rogram Files (x86)/MiKTeX 2.9/fonts/type1/public/amsfonts/cm/cmbx6.pfb><C:/Prog
ram Files (x86)/MiKTeX 2.9/fonts/type1/public/amsfonts/cm/cmbx7.pfb><C:/Program
 Files (x86)/MiKTeX 2.9/fonts/type1/public/amsfonts/cm/cmbx8.pfb><C:/Program Fi
les (x86)/MiKTeX 2.9/fonts/type1/public/amsfonts/cm/cmbxsl10.pfb><C:/Program Fi
les (x86)/MiKTeX 2.9/fonts/type1/public/amsfonts/cm/cmex10.pfb><C:/Program File
s (x86)/MiKTeX 2.9/fonts/type1/public/amsfonts/cm/cmmi10.pfb><C:/Program Files 
(x86)/MiKTeX 2.9/fonts/type1/public/amsfonts/cm/cmmi5.pfb><C:/Program Files (x8
6)/MiKTeX 2.9/fonts/type1/public/amsfonts/cm/cmmi6.pfb><C:/Program Files (x86)/
MiKTeX 2.9/fonts/type1/public/amsfonts/cm/cmmi7.pfb><C:/Program Files (x86)/MiK
TeX 2.9/fonts/type1/public/amsfonts/cm/cmmi8.pfb><C:/Program Files (x86)/MiKTeX
 2.9/fonts/type1/public/amsfonts/cm/cmmib10.pfb><C:/Program Files (x86)/MiKTeX 
2.9/fonts/type1/public/amsfonts/cm/cmr10.pfb><C:/Program Files (x86)/MiKTeX 2.9
/fonts/type1/public/amsfonts/cm/cmr12.pfb><C:/Program Files (x86)/MiKTeX 2.9/fo
nts/type1/public/amsfonts/cm/cmr5.pfb><C:/Program Files (x86)/MiKTeX 2.9/fonts/
type1/public/amsfonts/cm/cmr6.pfb><C:/Program Files (x86)/MiKTeX 2.9/fonts/type
1/public/amsfonts/cm/cmr7.pfb><C:/Program Files (x86)/MiKTeX 2.9/fonts/type1/pu
blic/amsfonts/cm/cmr8.pfb><C:/Program Files (x86)/MiKTeX 2.9/fonts/type1/public
/amsfonts/cm/cmsy10.pfb><C:/Program Files (x86)/MiKTeX 2.9/fonts/type1/public/a
msfonts/cm/cmsy6.pfb><C:/Program Files (x86)/MiKTeX 2.9/fonts/type1/public/amsf
onts/cm/cmsy7.pfb><C:/Program Files (x86)/MiKTeX 2.9/fonts/type1/public/amsfont
s/cm/cmsy8.pfb><C:/Program Files (x86)/MiKTeX 2.9/fonts/type1/public/amsfonts/c
m/cmti10.pfb><C:/Program Files (x86)/MiKTeX 2.9/fonts/type1/public/amsfonts/cm/
cmti8.pfb><C:/Program Files (x86)/MiKTeX 2.9/fonts/type1/public/amsfonts/symbol
s/msam10.pfb><C:/Program Files (x86)/MiKTeX 2.9/fonts/type1/public/amsfonts/sym
bols/msam7.pfb><C:/Program Files (x86)/MiKTeX 2.9/fonts/type1/public/amsfonts/s
ymbols/msbm10.pfb><C:/Program Files (x86)/MiKTeX 2.9/fonts/type1/public/amsfont
s/symbols/msbm7.pfb>
Output written on Graner_EDM_Thesis.pdf (120 pages, 2192370 bytes).
PDF statistics:
 1007 PDF objects out of 1200 (max. 8388607)
 0 named destinations out of 1000 (max. 500000)
 176 words of extra memory for PDF output out of 10000 (max. 10000000)

